= Host-specific information ====================================================
$> hostname; uname -msr
e1z2r7p34.42.us.org
Darwin 17.4.0 x86_64
$> date
Sat Sep 14 21:59:13 PDT 2019
$> gcc --version
Configured with: --prefix=/Library/Developer/CommandLineTools/usr --with-gxx-include-dir=/usr/include/c++/4.2.1
Apple LLVM version 9.0.0 (clang-900.0.39.2)
Target: x86_64-apple-darwin17.4.0
Thread model: posix
InstalledDir: /Library/Developer/CommandLineTools/usr/bin
$> clang --version
Apple LLVM version 9.0.0 (clang-900.0.39.2)
Target: x86_64-apple-darwin17.4.0
Thread model: posix
InstalledDir: /Library/Developer/CommandLineTools/usr/bin

= User files collection ========================================================
Collecting user files from Vogsphere
Repository URL: auto-exam/2019/c-exam-alone-in-the-dark-intermediate/practice-exam_20190915/yijhuang

= Git history ==================================================================
$> git -C /var/folders/r0/ksxfrwrx1lv3fs9v1mzprqw80000gp/T/tmpZ7ADyf/user log --pretty='%H - %an, %ad : %s'
f2cbaa664f217f7569704c3fa4dafce14efc4f41 - hyj1204, Sat Sep 14 21:58:44 2019 -0700 : is_anagram
 
= Collected files ==========================================
$> ls -lAR /var/folders/r0/ksxfrwrx1lv3fs9v1mzprqw80000gp/T/tmpZ7ADyf/user
total 8
-rw-r--r--  1 deepthought  deepthought  245 Sep 14 21:59 __GIT_HISTORY
drwxr-xr-x  3 deepthought  deepthought  102 Sep 14 21:59 is_anagram

/var/folders/r0/ksxfrwrx1lv3fs9v1mzprqw80000gp/T/tmpZ7ADyf/user/is_anagram:
total 8
-rw-r--r--  1 deepthought  deepthought  1273 Sep 14 21:59 is_anagram.c
 
= is_anagram ===================================================================
$> gcc -Wextra -Wall -Werror is_anagram.c main.c -o user_exe 

= Test 1 ===================================================
$> ./3cz9y9mrhrma1zf69l6rx61h test_correct_a_00.txt test_correct_b_00.txt
$> diff -U 3 user_output_test1 test1.output | cat -e

Diff OK :D
= Test 2 ===================================================
$> ./zhsxq1hugx5h1hf1mxd0l1xm test_correct_a_01.txt test_correct_b_01.txt
$> diff -U 3 user_output_test2 test2.output | cat -e

Diff OK :D
= Test 3 ===================================================
$> ./6aeo9ocohzdx37uuwnkpqkbd test_correct_a_02.txt test_correct_b_02.txt
$> diff -U 3 user_output_test3 test3.output | cat -e

Diff OK :D
= Test 4 ===================================================
$> ./nnsa67ze79d4b2vgpilrrh9f test_incorrect_a_02.txt test_incorrect_b_02.txt
$> diff -U 3 user_output_test4 test4.output | cat -e

Diff OK :D
= Test 5 ===================================================
$> ./qtz8pizfm4y7gxs1cerx7wfu test_incorrect_a_03.txt test_incorrect_b_03.txt
$> diff -U 3 user_output_test5 test5.output | cat -e

Diff OK :D
Grade: 1

= Final grade: 1 ===============================================================
